<?xml version="1.0" encoding="UTF-8"?>
<testng-results ignored="0" total="1" passed="1" failed="0" skipped="0">
  <reporter-output>
  </reporter-output>
  <suite started-at="2025-08-19T12:31:46 IST" name="Surefire suite" finished-at="2025-08-19T12:31:46 IST" duration-ms="36">
    <groups>
    </groups>
    <test started-at="2025-08-19T12:31:46 IST" name="Surefire test" finished-at="2025-08-19T12:31:46 IST" duration-ms="36">
      <class name="com.practice.AppTest">
        <test-method signature="TestGreet()[pri:0, instance:com.practice.AppTest@6e2c9341]" started-at="2025-08-19T12:31:46 IST" name="TestGreet" finished-at="2025-08-19T12:31:46 IST" duration-ms="8" status="PASS">
          <reporter-output>
          </reporter-output>
        </test-method> <!-- TestGreet -->
      </class> <!-- com.practice.AppTest -->
    </test> <!-- Surefire test -->
  </suite> <!-- Surefire suite -->
</testng-results>
