<?xml version="1.0" encoding="UTF-8"?>
<testng-results ignored="0" total="1" passed="1" failed="0" skipped="0">
  <reporter-output>
  </reporter-output>
  <suite started-at="2025-08-19T12:28:49 IST" name="Default suite" finished-at="2025-08-19T12:28:50 IST" duration-ms="55">
    <groups>
    </groups>
    <test started-at="2025-08-19T12:28:49 IST" name="Default test" finished-at="2025-08-19T12:28:50 IST" duration-ms="55">
      <class name="com.practice.AppTest">
        <test-method signature="TestGreet()[pri:0, instance:com.practice.AppTest@1d2adfbe]" started-at="2025-08-19T12:28:50 IST" name="TestGreet" finished-at="2025-08-19T12:28:50 IST" duration-ms="14" status="PASS">
          <reporter-output>
          </reporter-output>
        </test-method> <!-- TestGreet -->
      </class> <!-- com.practice.AppTest -->
    </test> <!-- Default test -->
  </suite> <!-- Default suite -->
</testng-results>
